{
  "stats": {
    "suites": 1,
    "tests": 1,
    "passes": 1,
    "pending": 0,
    "failures": 0,
    "start": "2024-08-29T10:49:32.143Z",
    "end": "2024-08-29T10:49:37.155Z",
    "duration": 5012,
    "testsRegistered": 1,
    "passPercent": 100,
    "pendingPercent": 0,
    "other": 0,
    "hasOther": false,
    "skipped": 0,
    "hasSkipped": false
  },
  "results": [
    {
      "uuid": "6b53d61c-431f-451c-b3e6-409ef240ad08",
      "title": "",
      "fullFile": "cypress\\e2e\\Marge_test\\TC03_CheckBoxScript.spec.cy.js",
      "file": "cypress\\e2e\\Marge_test\\TC03_CheckBoxScript.spec.cy.js",
      "beforeHooks": [],
      "afterHooks": [],
      "tests": [],
      "suites": [
        {
          "uuid": "2b049a38-ed81-4c85-8247-568cb32f67f4",
          "title": "Checkbox Functionality",
          "fullFile": "",
          "file": "",
          "beforeHooks": [],
          "afterHooks": [],
          "tests": [
            {
              "title": "Handling different Check boxes",
              "fullTitle": "Checkbox Functionality Handling different Check boxes",
              "timedOut": null,
              "duration": 2253,
              "state": "passed",
              "speed": "fast",
              "pass": true,
              "fail": false,
              "pending": false,
              "context": null,
              "code": "cy.visit('https://demos.jquerymobile.com/1.4.5/checkboxradio-checkbox/');\ncy.get('#checkbox-v-2a').should('not.be.checked').check({\n  force: true\n}).should('be.checked');\ncy.get('#checkbox-v-2c').should('not.be.checked').check({\n  force: true\n}).should('be.checked');",
              "err": {},
              "uuid": "e42c617a-b27c-4835-810e-c133c286933f",
              "parentUUID": "2b049a38-ed81-4c85-8247-568cb32f67f4",
              "isHook": false,
              "skipped": false
            }
          ],
          "suites": [],
          "passes": [
            "e42c617a-b27c-4835-810e-c133c286933f"
          ],
          "failures": [],
          "pending": [],
          "skipped": [],
          "duration": 2253,
          "root": false,
          "rootEmpty": false,
          "_timeout": 2000
        }
      ],
      "passes": [],
      "failures": [],
      "pending": [],
      "skipped": [],
      "duration": 0,
      "root": true,
      "rootEmpty": true,
      "_timeout": 2000
    }
  ],
  "meta": {
    "mocha": {
      "version": "7.0.1"
    },
    "mochawesome": {
      "options": {
        "quiet": true,
        "reportFilename": "mochawesome",
        "saveHtml": false,
        "saveJson": true,
        "consoleReporter": "spec",
        "useInlineDiffs": false,
        "code": true
      },
      "version": "7.1.3"
    },
    "marge": {
      "options": {
        "id": "default",
        "reportDir": "cypress/reports/mocha",
        "quiet": true,
        "overwrite": false,
        "html": false,
        "Json": true
      },
      "version": "6.2.0"
    }
  }
}