{
  "stats": {
    "suites": 1,
    "tests": 1,
    "passes": 0,
    "pending": 0,
    "failures": 1,
    "start": "2024-08-29T10:49:19.496Z",
    "end": "2024-08-29T10:49:28.779Z",
    "duration": 9283,
    "testsRegistered": 1,
    "passPercent": 0,
    "pendingPercent": 0,
    "other": 0,
    "hasOther": false,
    "skipped": 0,
    "hasSkipped": false
  },
  "results": [
    {
      "uuid": "7b79e683-2669-4494-996c-efa2ca7f770a",
      "title": "",
      "fullFile": "cypress\\e2e\\Marge_test\\TC02_RadioBtnScript.spec.cy.js",
      "file": "cypress\\e2e\\Marge_test\\TC02_RadioBtnScript.spec.cy.js",
      "beforeHooks": [],
      "afterHooks": [],
      "tests": [],
      "suites": [
        {
          "uuid": "26f0def6-65e4-471c-93f2-cc3a3d0c63f9",
          "title": "Radio Button Functionality",
          "fullFile": "",
          "file": "",
          "beforeHooks": [],
          "afterHooks": [],
          "tests": [
            {
              "title": "Handling different radio button",
              "fullTitle": "Radio Button Functionality Handling different radio button",
              "timedOut": null,
              "duration": 6439,
              "state": "failed",
              "speed": null,
              "pass": false,
              "fail": true,
              "pending": false,
              "context": "\"assets/TC02_RadioBtnScript.spec.cy.js/Radio Button Functionality -- Handling different radio button (failed).png\"",
              "code": "//Basic Radio Button\ncy.visit('https://demos.jquerymobile.com/1.4.5/checkboxradio-radio/');\ncy.get('#radio-choice-0a1').should('not.be.checked').click({\n  force: true\n});\ncy.get('#radio-choice-0b').should('not.be.checked').click({\n  force: true\n});\n//Modern Radio button\ncy.get('#radio-choice-h-2b').should('not.be.checked').click({\n  force: true\n});\ncy.get('#radio-choice-h-2c').should('not.be.checked').click({\n  force: true\n});",
              "err": {
                "message": "AssertionError: Timed out retrying after 4000ms: Expected to find element: `#radio-choice-0a1`, but never found it.",
                "estack": "AssertionError: Timed out retrying after 4000ms: Expected to find element: `#radio-choice-0a1`, but never found it.\n    at Context.eval (webpack://cypress_learning/./cypress/e2e/Marge_test/TC02_RadioBtnScript.spec.cy.js:9:36)",
                "diff": null
              },
              "uuid": "b470ab7b-0662-4a65-b54c-23e690bcbf7d",
              "parentUUID": "26f0def6-65e4-471c-93f2-cc3a3d0c63f9",
              "isHook": false,
              "skipped": false
            }
          ],
          "suites": [],
          "passes": [],
          "failures": [
            "b470ab7b-0662-4a65-b54c-23e690bcbf7d"
          ],
          "pending": [],
          "skipped": [],
          "duration": 6439,
          "root": false,
          "rootEmpty": false,
          "_timeout": 2000
        }
      ],
      "passes": [],
      "failures": [],
      "pending": [],
      "skipped": [],
      "duration": 0,
      "root": true,
      "rootEmpty": true,
      "_timeout": 2000
    }
  ],
  "meta": {
    "mocha": {
      "version": "7.0.1"
    },
    "mochawesome": {
      "options": {
        "quiet": true,
        "reportFilename": "mochawesome",
        "saveHtml": false,
        "saveJson": true,
        "consoleReporter": "spec",
        "useInlineDiffs": false,
        "code": true
      },
      "version": "7.1.3"
    },
    "marge": {
      "options": {
        "id": "default",
        "reportDir": "cypress/reports/mocha",
        "quiet": true,
        "overwrite": false,
        "html": false,
        "Json": true
      },
      "version": "6.2.0"
    }
  }
}