{
  "stats": {
    "suites": 1,
    "tests": 1,
    "passes": 0,
    "pending": 0,
    "failures": 1,
    "start": "2024-08-29T17:49:22.407Z",
    "end": "2024-08-29T17:49:32.944Z",
    "duration": 10537,
    "testsRegistered": 1,
    "passPercent": 0,
    "pendingPercent": 0,
    "other": 0,
    "hasOther": false,
    "skipped": 0,
    "hasSkipped": false
  },
  "results": [
    {
      "uuid": "2386794a-40a5-48a6-aa8b-c8afdc0b2ba3",
      "title": "",
      "fullFile": "cypress\\e2e\\cucumber\\feature\\conduitLogin.feature",
      "file": "cypress\\e2e\\cucumber\\feature\\conduitLogin.feature",
      "beforeHooks": [],
      "afterHooks": [],
      "tests": [],
      "suites": [
        {
          "uuid": "8b5612d5-7045-4174-aac6-d5d07fab662d",
          "title": "Conduit Login Functionality",
          "fullFile": "",
          "file": "",
          "beforeHooks": [],
          "afterHooks": [],
          "tests": [
            {
              "title": "Login and Logout with Valid Credentials",
              "fullTitle": "Conduit Login Functionality Login and Logout with Valid Credentials",
              "timedOut": null,
              "duration": 10055,
              "state": "failed",
              "speed": null,
              "pass": false,
              "fail": true,
              "pending": false,
              "context": "\"assets/conduitLogin.feature/Conduit Login Functionality -- Login and Logout with Valid Credentials (failed).png\"",
              "code": "const state = window.testState;\nreturn cy\n  .then(() => state.onStartScenario(scenario, indexedSteps))\n  .then(() =>\n    resolveAndRunBeforeHooks.call(this, scenario.tags, state.feature.name)\n  )\n  .then(() =>\n    indexedSteps.forEach((step) =>\n      stepTest.call(this, state, step, rowData)\n    )\n  )\n  .then(() => state.onFinishScenario(scenario));",
              "err": {
                "message": "AssertionError: Timed out retrying after 4000ms: Expected to find content: 'Settings1' but never did.",
                "estack": "AssertionError: Timed out retrying after 4000ms: Expected to find content: 'Settings1' but never did.\n    at HomePage.clickElement (cypress/e2e/cucumber/pages/basePage.js:12:15)\n    at HomePage.clickSettingsButton (cypress/e2e/cucumber/pages/homePage.js:22:13)\n    at Context.eval (cypress/e2e/cucumber/stepDefinitions/conduitLogin/conduitLogin_stepdef.js:29:12)\n    at Context.resolveAndRunStepDefinition (node_modules/cypress-cucumber-preprocessor/lib/resolveStepDefinition.js:193:0)\n    at Context.eval (node_modules/cypress-cucumber-preprocessor/lib/createTestFromScenario.js:27:0)",
                "diff": null
              },
              "uuid": "6c8e8427-0cdf-4cbe-8280-3d6fb34fa731",
              "parentUUID": "8b5612d5-7045-4174-aac6-d5d07fab662d",
              "isHook": false,
              "skipped": false
            }
          ],
          "suites": [],
          "passes": [],
          "failures": [
            "6c8e8427-0cdf-4cbe-8280-3d6fb34fa731"
          ],
          "pending": [],
          "skipped": [],
          "duration": 10055,
          "root": false,
          "rootEmpty": false,
          "_timeout": 2000
        }
      ],
      "passes": [],
      "failures": [],
      "pending": [],
      "skipped": [],
      "duration": 0,
      "root": true,
      "rootEmpty": true,
      "_timeout": 2000
    }
  ],
  "meta": {
    "mocha": {
      "version": "7.0.1"
    },
    "mochawesome": {
      "options": {
        "quiet": true,
        "reportFilename": "mochawesome",
        "saveHtml": false,
        "saveJson": true,
        "consoleReporter": "spec",
        "useInlineDiffs": false,
        "code": true
      },
      "version": "7.1.3"
    },
    "marge": {
      "options": {
        "id": "default",
        "reportDir": "cypress/reports/mocha",
        "quiet": true,
        "overwrite": false,
        "html": false,
        "Json": true
      },
      "version": "6.2.0"
    }
  }
}