{
  "stats": {
    "suites": 1,
    "tests": 1,
    "passes": 0,
    "pending": 0,
    "failures": 1,
    "start": "2024-08-29T10:49:09.568Z",
    "end": "2024-08-29T10:49:17.130Z",
    "duration": 7562,
    "testsRegistered": 1,
    "passPercent": 0,
    "pendingPercent": 0,
    "other": 0,
    "hasOther": false,
    "skipped": 0,
    "hasSkipped": false
  },
  "results": [
    {
      "uuid": "bc44cd64-f6d5-4949-bc61-7bfeb64e5be8",
      "title": "",
      "fullFile": "cypress\\e2e\\Marge_test\\TC01_FirstScript.spec.cy.js",
      "file": "cypress\\e2e\\Marge_test\\TC01_FirstScript.spec.cy.js",
      "beforeHooks": [],
      "afterHooks": [],
      "tests": [],
      "suites": [
        {
          "uuid": "68834459-80ed-407d-9db2-455ca7d250d3",
          "title": "Login Functionality",
          "fullFile": "",
          "file": "",
          "beforeHooks": [],
          "afterHooks": [],
          "tests": [
            {
              "title": "Login Test using Conduit",
              "fullTitle": "Login Functionality Login Test using Conduit",
              "timedOut": null,
              "duration": 7512,
              "state": "failed",
              "speed": null,
              "pass": false,
              "fail": true,
              "pending": false,
              "context": "\"assets/TC01_FirstScript.spec.cy.js/Login Functionality -- Login Test using Conduit (failed).png\"",
              "code": "cy.visit('/');\ncy.get('a[href=\"#login\"]').click();\ncy.get('input[placeholder=\"Email\"]').type('technicalquiz24@gmail.com');\ncy.get('input[placeholder=\"Password\"]').type('JaiGurudev'); //update password to get pass this script\ncy.get('button[type=\"submit\"]').click();\ncy.get('a[href=\"#settings\"]').click();\ncy.get('.btn.btn-outline-danger').click();",
              "err": {
                "message": "AssertionError: Timed out retrying after 4000ms: Expected to find element: `a[href=\"#settings\"]`, but never found it.",
                "estack": "AssertionError: Timed out retrying after 4000ms: Expected to find element: `a[href=\"#settings\"]`, but never found it.\n    at Context.eval (webpack://cypress_learning/./cypress/e2e/Marge_test/TC01_FirstScript.spec.cy.js:16:7)",
                "diff": null
              },
              "uuid": "b32ba995-3813-4a88-9b56-21582448eff4",
              "parentUUID": "68834459-80ed-407d-9db2-455ca7d250d3",
              "isHook": false,
              "skipped": false
            }
          ],
          "suites": [],
          "passes": [],
          "failures": [
            "b32ba995-3813-4a88-9b56-21582448eff4"
          ],
          "pending": [],
          "skipped": [],
          "duration": 7512,
          "root": false,
          "rootEmpty": false,
          "_timeout": 2000
        }
      ],
      "passes": [],
      "failures": [],
      "pending": [],
      "skipped": [],
      "duration": 0,
      "root": true,
      "rootEmpty": true,
      "_timeout": 2000
    }
  ],
  "meta": {
    "mocha": {
      "version": "7.0.1"
    },
    "mochawesome": {
      "options": {
        "quiet": true,
        "reportFilename": "mochawesome",
        "saveHtml": false,
        "saveJson": true,
        "consoleReporter": "spec",
        "useInlineDiffs": false,
        "code": true
      },
      "version": "7.1.3"
    },
    "marge": {
      "options": {
        "id": "default",
        "reportDir": "cypress/reports/mocha",
        "quiet": true,
        "overwrite": false,
        "html": false,
        "Json": true
      },
      "version": "6.2.0"
    }
  }
}