{
  "stats": {
    "suites": 1,
    "tests": 1,
    "passes": 0,
    "pending": 0,
    "failures": 1,
    "start": "2024-08-29T15:35:36.704Z",
    "end": "2024-08-29T15:35:43.240Z",
    "duration": 6536,
    "testsRegistered": 1,
    "passPercent": 0,
    "pendingPercent": 0,
    "other": 0,
    "hasOther": false,
    "skipped": 0,
    "hasSkipped": false
  },
  "results": [
    {
      "uuid": "e407f2c9-4029-4927-97e0-fadd215ed8af",
      "title": "",
      "fullFile": "cypress\\e2e\\cucumber\\feature\\conduitLogin.feature",
      "file": "cypress\\e2e\\cucumber\\feature\\conduitLogin.feature",
      "beforeHooks": [],
      "afterHooks": [],
      "tests": [],
      "suites": [
        {
          "uuid": "025dff1b-323c-4454-b78c-ecbf5c5f6dab",
          "title": "Conduit Login Functionality",
          "fullFile": "",
          "file": "",
          "beforeHooks": [],
          "afterHooks": [],
          "tests": [
            {
              "title": "Login and Logout with Valid Credentials",
              "fullTitle": "Conduit Login Functionality Login and Logout with Valid Credentials",
              "timedOut": null,
              "duration": 6362,
              "state": "failed",
              "speed": null,
              "pass": false,
              "fail": true,
              "pending": false,
              "context": "\"assets/conduitLogin.feature/Conduit Login Functionality -- Login and Logout with Valid Credentials (failed).png\"",
              "code": "const state = window.testState;\nreturn cy\n  .then(() => state.onStartScenario(scenario, indexedSteps))\n  .then(() =>\n    resolveAndRunBeforeHooks.call(this, scenario.tags, state.feature.name)\n  )\n  .then(() =>\n    indexedSteps.forEach((step) =>\n      stepTest.call(this, state, step, rowData)\n    )\n  )\n  .then(() => state.onFinishScenario(scenario));",
              "err": {
                "message": "Error: Step implementation missing for: User click on the logout button1",
                "estack": "Error: Step implementation missing for: User click on the logout button1\n    at Context.resolveAndRunStepDefinition (node_modules/cypress-cucumber-preprocessor/lib/resolveStepDefinition.js:199:0)\n    at Context.eval (node_modules/cypress-cucumber-preprocessor/lib/createTestFromScenario.js:27:0)",
                "diff": null
              },
              "uuid": "bf0a1791-7f4e-44b8-862e-327a06f4d5dc",
              "parentUUID": "025dff1b-323c-4454-b78c-ecbf5c5f6dab",
              "isHook": false,
              "skipped": false
            }
          ],
          "suites": [],
          "passes": [],
          "failures": [
            "bf0a1791-7f4e-44b8-862e-327a06f4d5dc"
          ],
          "pending": [],
          "skipped": [],
          "duration": 6362,
          "root": false,
          "rootEmpty": false,
          "_timeout": 2000
        }
      ],
      "passes": [],
      "failures": [],
      "pending": [],
      "skipped": [],
      "duration": 0,
      "root": true,
      "rootEmpty": true,
      "_timeout": 2000
    }
  ],
  "meta": {
    "mocha": {
      "version": "7.0.1"
    },
    "mochawesome": {
      "options": {
        "quiet": true,
        "reportFilename": "mochawesome",
        "saveHtml": false,
        "saveJson": true,
        "consoleReporter": "spec",
        "useInlineDiffs": false,
        "code": true
      },
      "version": "7.1.3"
    },
    "marge": {
      "options": {
        "id": "default",
        "reportDir": "cypress/reports/mocha",
        "quiet": true,
        "overwrite": false,
        "html": false,
        "Json": true
      },
      "version": "6.2.0"
    }
  }
}